<?xml version="1.0" encoding="UTF-8"?>
<!-- Generated by org.testng.reporters.JUnitReportReporter -->
<testsuite hostname="ojas-dl831" failures="0" tests="1" name="restAssuredPac.SamplePOST" time="2.039" errors="0" timestamp="2023-10-25T11:07:05 IST" skipped="0">
  <testcase classname="restAssuredPac.SamplePOST" name="testPost" time="2.039"/>
  <system-out/>
</testsuite> <!-- restAssuredPac.SamplePOST -->
