<?xml version="1.0" encoding="UTF-8"?>
<!-- Generated by org.testng.reporters.JUnitReportReporter -->
<testsuite hostname="ojas-dl831" failures="0" tests="1" name="restAssuredPac.SampleGET" time="2.431" errors="0" timestamp="2023-09-26T12:55:21 IST" skipped="0">
  <testcase classname="restAssuredPac.SampleGET" name="getAPI" time="2.431"/>
  <system-out/>
</testsuite> <!-- restAssuredPac.SampleGET -->
